c:\workspace\introtoprogramming\advancedlanguage\x64\debug\vc142.pdb
c:\workspace\introtoprogramming\advancedlanguage\x64\debug\vc142.idb
c:\workspace\introtoprogramming\advancedlanguage\x64\debug\advancedlanguage.obj
c:\workspace\git_project\advancedlanguage\x64\debug\vc142.pdb
c:\workspace\git_project\advancedlanguage\x64\debug\vc142.idb
c:\workspace\git_project\advancedlanguage\x64\debug\maintest.obj
c:\workspace\git_project\advancedlanguage\x64\debug\al1013.obj
c:\workspace\git_project\advancedlanguage\x64\debug\al1014.obj
c:\workspace\git_project\advancedlanguage\x64\debug\al1015.obj
c:\workspace\git_project\advancedlanguage\x64\debug\al1016.obj
c:\workspace\git_project\advancedlanguage\x64\debug\al1017.obj
c:\workspace\git_project\advancedlanguage\x64\debug\al1018.obj
c:\workspace\git_project\advancedlanguage\x64\debug\al1019.obj
c:\workspace\git_project\advancedlanguage\x64\debug\al1020.obj
c:\workspace\git_project\advancedlanguage\x64\debug\al1021.obj
c:\workspace\git_project\advancedlanguage\x64\debug\al1022.obj
c:\workspace\git_project\advancedlanguage\x64\debug\al1023.obj
c:\workspace\git_project\advancedlanguage\x64\debug\al1024.obj
c:\workspace\git_project\advancedlanguage\x64\debug\al1025.obj
c:\workspace\git_project\advancedlanguage\x64\debug\al1026.obj
c:\workspace\git_project\advancedlanguage\x64\debug\al1027.obj
c:\workspace\introtoprogramming\advancedlanguage\x64\debug\advancedlanguage.exe
c:\workspace\introtoprogramming\advancedlanguage\x64\debug\advancedlanguage.ilk
c:\workspace\introtoprogramming\advancedlanguage\x64\debug\advancedlanguage.pdb
c:\workspace\git_project\advancedlanguage\x64\debug\advancedlanguage.exe
c:\workspace\git_project\advancedlanguage\x64\debug\advancedlanguage.ilk
c:\workspace\git_project\advancedlanguage\x64\debug\advancedlanguage.pdb
c:\workspace\git_project\advancedlanguage\x64\debug\advancedlanguage.obj
c:\workspace\git_project\advancedlanguage\x64\debug\advancedlanguage.obj.enc
c:\workspace\git_project\advancedlanguage\x64\debug\advancedlanguage.tlog\cl.command.1.tlog
c:\workspace\git_project\advancedlanguage\x64\debug\advancedlanguage.tlog\cl.read.1.tlog
c:\workspace\git_project\advancedlanguage\x64\debug\advancedlanguage.tlog\cl.write.1.tlog
c:\workspace\git_project\advancedlanguage\x64\debug\advancedlanguage.tlog\link.command.1.tlog
c:\workspace\git_project\advancedlanguage\x64\debug\advancedlanguage.tlog\link.read.1.tlog
c:\workspace\git_project\advancedlanguage\x64\debug\advancedlanguage.tlog\link.write.1.tlog
